ERROR - 2021-12-10 01:11:50 --> Error connecting to the database: No connection could be made because the target machine actively refused it
CRITICAL - 2021-12-10 01:11:50 --> Unable to connect to the database.
Main connection [MySQLi]: No connection could be made because the target machine actively refused it
#0 D:\sistem-informasi-sekolah\system\Database\BaseConnection.php(577): CodeIgniter\Database\BaseConnection->initialize()
#1 D:\sistem-informasi-sekolah\system\Database\BaseBuilder.php(1443): CodeIgniter\Database\BaseConnection->query('SELECT *\nFROM `...', Array, false)
#2 D:\sistem-informasi-sekolah\system\Model.php(183): CodeIgniter\Database\BaseBuilder->get()
#3 D:\sistem-informasi-sekolah\system\BaseModel.php(584): CodeIgniter\Model->doFindAll(0, 0)
#4 D:\sistem-informasi-sekolah\app\Models\DataModel.php(35): CodeIgniter\BaseModel->findAll()
#5 D:\sistem-informasi-sekolah\app\Controllers\Home.php(19): App\Models\DataModel->jenjangSekolah()
#6 D:\sistem-informasi-sekolah\system\CodeIgniter.php(824): App\Controllers\Home->index()
#7 D:\sistem-informasi-sekolah\system\CodeIgniter.php(410): CodeIgniter\CodeIgniter->runController(Object(App\Controllers\Home))
#8 D:\sistem-informasi-sekolah\system\CodeIgniter.php(318): CodeIgniter\CodeIgniter->handleRequest(NULL, Object(Config\Cache), false)
#9 D:\sistem-informasi-sekolah\public\index.php(37): CodeIgniter\CodeIgniter->run()
#10 D:\sistem-informasi-sekolah\system\Commands\Server\rewrite.php(43): require_once('D:\\sistem-infor...')
#11 {main}
ERROR - 2021-12-10 01:13:52 --> Error connecting to the database: No connection could be made because the target machine actively refused it
CRITICAL - 2021-12-10 01:13:52 --> Unable to connect to the database.
Main connection [MySQLi]: No connection could be made because the target machine actively refused it
#0 D:\sistem-informasi-sekolah\system\Database\BaseConnection.php(577): CodeIgniter\Database\BaseConnection->initialize()
#1 D:\sistem-informasi-sekolah\system\Database\BaseBuilder.php(1443): CodeIgniter\Database\BaseConnection->query('SELECT *\nFROM `...', Array, false)
#2 D:\sistem-informasi-sekolah\system\Model.php(183): CodeIgniter\Database\BaseBuilder->get()
#3 D:\sistem-informasi-sekolah\system\BaseModel.php(584): CodeIgniter\Model->doFindAll(0, 0)
#4 D:\sistem-informasi-sekolah\app\Models\DataModel.php(35): CodeIgniter\BaseModel->findAll()
#5 D:\sistem-informasi-sekolah\app\Controllers\Home.php(19): App\Models\DataModel->jenjangSekolah()
#6 D:\sistem-informasi-sekolah\system\CodeIgniter.php(824): App\Controllers\Home->index()
#7 D:\sistem-informasi-sekolah\system\CodeIgniter.php(410): CodeIgniter\CodeIgniter->runController(Object(App\Controllers\Home))
#8 D:\sistem-informasi-sekolah\system\CodeIgniter.php(318): CodeIgniter\CodeIgniter->handleRequest(NULL, Object(Config\Cache), false)
#9 D:\sistem-informasi-sekolah\public\index.php(37): CodeIgniter\CodeIgniter->run()
#10 D:\sistem-informasi-sekolah\system\Commands\Server\rewrite.php(43): require_once('D:\\sistem-infor...')
#11 {main}
ERROR - 2021-12-10 01:15:30 --> Error connecting to the database: Access denied for user ''@'localhost' (using password: NO)
CRITICAL - 2021-12-10 01:15:30 --> Unable to connect to the database.
Main connection [MySQLi]: Access denied for user ''@'localhost' (using password: NO)
#0 D:\sistem-informasi-sekolah\system\Database\BaseConnection.php(577): CodeIgniter\Database\BaseConnection->initialize()
#1 D:\sistem-informasi-sekolah\system\Database\BaseBuilder.php(1443): CodeIgniter\Database\BaseConnection->query('SELECT *\nFROM `...', Array, false)
#2 D:\sistem-informasi-sekolah\system\Model.php(183): CodeIgniter\Database\BaseBuilder->get()
#3 D:\sistem-informasi-sekolah\system\BaseModel.php(584): CodeIgniter\Model->doFindAll(0, 0)
#4 D:\sistem-informasi-sekolah\app\Models\DataModel.php(35): CodeIgniter\BaseModel->findAll()
#5 D:\sistem-informasi-sekolah\app\Controllers\Home.php(19): App\Models\DataModel->jenjangSekolah()
#6 D:\sistem-informasi-sekolah\system\CodeIgniter.php(824): App\Controllers\Home->index()
#7 D:\sistem-informasi-sekolah\system\CodeIgniter.php(410): CodeIgniter\CodeIgniter->runController(Object(App\Controllers\Home))
#8 D:\sistem-informasi-sekolah\system\CodeIgniter.php(318): CodeIgniter\CodeIgniter->handleRequest(NULL, Object(Config\Cache), false)
#9 D:\sistem-informasi-sekolah\public\index.php(37): CodeIgniter\CodeIgniter->run()
#10 D:\sistem-informasi-sekolah\system\Commands\Server\rewrite.php(43): require_once('D:\\sistem-infor...')
#11 {main}
ERROR - 2021-12-10 01:16:30 --> Error connecting to the database: Access denied for user ''@'localhost' (using password: NO)
CRITICAL - 2021-12-10 01:16:30 --> Unable to connect to the database.
Main connection [MySQLi]: Access denied for user ''@'localhost' (using password: NO)
#0 D:\sistem-informasi-sekolah\system\Database\BaseConnection.php(577): CodeIgniter\Database\BaseConnection->initialize()
#1 D:\sistem-informasi-sekolah\system\Database\BaseBuilder.php(1443): CodeIgniter\Database\BaseConnection->query('SELECT *\nFROM `...', Array, false)
#2 D:\sistem-informasi-sekolah\system\Model.php(183): CodeIgniter\Database\BaseBuilder->get()
#3 D:\sistem-informasi-sekolah\system\BaseModel.php(584): CodeIgniter\Model->doFindAll(0, 0)
#4 D:\sistem-informasi-sekolah\app\Models\DataModel.php(35): CodeIgniter\BaseModel->findAll()
#5 D:\sistem-informasi-sekolah\app\Controllers\Home.php(19): App\Models\DataModel->jenjangSekolah()
#6 D:\sistem-informasi-sekolah\system\CodeIgniter.php(824): App\Controllers\Home->index()
#7 D:\sistem-informasi-sekolah\system\CodeIgniter.php(410): CodeIgniter\CodeIgniter->runController(Object(App\Controllers\Home))
#8 D:\sistem-informasi-sekolah\system\CodeIgniter.php(318): CodeIgniter\CodeIgniter->handleRequest(NULL, Object(Config\Cache), false)
#9 D:\sistem-informasi-sekolah\public\index.php(37): CodeIgniter\CodeIgniter->run()
#10 D:\sistem-informasi-sekolah\system\Commands\Server\rewrite.php(43): require_once('D:\\sistem-infor...')
#11 {main}
CRITICAL - 2021-12-10 01:17:47 --> Class "Config\CekLogin" not found
#0 D:\sistem-informasi-sekolah\system\CodeIgniter.php(384): CodeIgniter\Filters\Filters->run('dashboard', 'before')
#1 D:\sistem-informasi-sekolah\system\CodeIgniter.php(318): CodeIgniter\CodeIgniter->handleRequest(NULL, Object(Config\Cache), false)
#2 D:\sistem-informasi-sekolah\public\index.php(37): CodeIgniter\CodeIgniter->run()
#3 D:\sistem-informasi-sekolah\system\Commands\Server\rewrite.php(43): require_once('D:\\sistem-infor...')
#4 {main}
CRITICAL - 2021-12-10 01:20:00 --> Class "Config\CekLogin" not found
#0 D:\sistem-informasi-sekolah\system\CodeIgniter.php(384): CodeIgniter\Filters\Filters->run('dashboard', 'before')
#1 D:\sistem-informasi-sekolah\system\CodeIgniter.php(318): CodeIgniter\CodeIgniter->handleRequest(NULL, Object(Config\Cache), false)
#2 D:\sistem-informasi-sekolah\public\index.php(37): CodeIgniter\CodeIgniter->run()
#3 D:\sistem-informasi-sekolah\system\Commands\Server\rewrite.php(43): require_once('D:\\sistem-infor...')
#4 {main}
CRITICAL - 2021-12-10 01:21:49 --> Class "CodeIgniter\Filters\CekLogin" not found
#0 D:\sistem-informasi-sekolah\system\CodeIgniter.php(384): CodeIgniter\Filters\Filters->run('dashboard', 'before')
#1 D:\sistem-informasi-sekolah\system\CodeIgniter.php(318): CodeIgniter\CodeIgniter->handleRequest(NULL, Object(Config\Cache), false)
#2 D:\sistem-informasi-sekolah\public\index.php(37): CodeIgniter\CodeIgniter->run()
#3 D:\sistem-informasi-sekolah\system\Commands\Server\rewrite.php(43): require_once('D:\\sistem-infor...')
#4 {main}
CRITICAL - 2021-12-10 01:23:49 --> Class "CodeIgniter\Filters\CekLogin" not found
#0 D:\sistem-informasi-sekolah\system\CodeIgniter.php(384): CodeIgniter\Filters\Filters->run('dashboard', 'before')
#1 D:\sistem-informasi-sekolah\system\CodeIgniter.php(318): CodeIgniter\CodeIgniter->handleRequest(NULL, Object(Config\Cache), false)
#2 D:\sistem-informasi-sekolah\public\index.php(37): CodeIgniter\CodeIgniter->run()
#3 D:\sistem-informasi-sekolah\system\Commands\Server\rewrite.php(43): require_once('D:\\sistem-infor...')
#4 {main}
CRITICAL - 2021-12-10 01:24:03 --> Class "CodeIgniter\Filters\CekLogin" not found
#0 D:\sistem-informasi-sekolah\system\CodeIgniter.php(384): CodeIgniter\Filters\Filters->run('dashboard', 'before')
#1 D:\sistem-informasi-sekolah\system\CodeIgniter.php(318): CodeIgniter\CodeIgniter->handleRequest(NULL, Object(Config\Cache), false)
#2 D:\sistem-informasi-sekolah\public\index.php(37): CodeIgniter\CodeIgniter->run()
#3 D:\sistem-informasi-sekolah\system\Commands\Server\rewrite.php(43): require_once('D:\\sistem-infor...')
#4 {main}
